<!DOCTYPE html>
<html>
<head>
  
<meta http-equiv="Content-Type" content="text/html; charset=UTF-8" />

<script src="js/jquery.min.js"></script>
<script src="js/jquery.tablesorter.min.js"></script>
<script src="js/Chart.min.js"></script>
<script src="js/moment.min.js"></script>
<script src="js/bootstrap.min.js"></script>

<link rel="stylesheet" href="css/bootstrap.min.css" type="text/css"/>
<link rel="stylesheet" href="css/cucumber.css" type="text/css"/>
<link rel="stylesheet" href="css/font-awesome.min.css"/>
<link rel="shortcut icon" href="images/favicon.png"/>

<script>
$(document).ready(function() {
    // this will tell tablesorter to try looking for the data-value attribute
    // if present, it'll sort by that instead
    // otherwise, it'll sort by the text content of the table cell
    $("#tablesorter").tablesorter({
        textAttribute: 'data-value',
        // ignores the first row of the header, the 'scenario', 'steps', since
        // sorting those doesn't make sense
        selectorHeaders: '> thead tr:not(.dont-sort) th',
        // use a stable sort
        sortStable: true
    });
});
</script>










  
<title>Cucumber Reports  - Feature: To validate the login functionality of the page</title>

</head>
<body>

<nav class="navbar navbar-default navbar-fixed-top" id="navigation">
  <div class="container-fluid">
    <div class="collapse navbar-collapse">
      <p class="navbar-text navbar-left">Cucumber Report</p>
      <ul class="nav navbar-nav navbar-right">
                <li role="presentation" ><a href="overview-features.html">Features</a></li>
        <li role="presentation" ><a href="overview-tags.html">Tags</a></li>
        <li role="presentation" ><a href="overview-steps.html">Steps</a></li>
                <li role="presentation" ><a href="overview-failures.html">Failures</a></li>
      </ul>
    </div>
  </div>
</nav>


<div class="container-fluid">
  <div class="col-md-5 col-md-offset-1">
    
<table class="table table-bordered" id="build-info">
  <thead>
    <tr>
      <th>Project</th>
            <th>Date</th>
    </tr>
  </thead>
  <tbody>
    <tr class="info">
      <td>AgodaTesting</td>
            <td>20 May 2022, 14:59</td>
    </tr>
  </tbody>
</table>

  </div>
  <div class="col-md-3 col-md-offset-2">
      </div>
</div>


<div id="report-lead" class="container-fluid">
  <div class="col-md-10 col-md-offset-1">
    <h2>Feature Report</h2>
      </div>
</div>


<div class="container-fluid" id="report">
  <div class="row">
    <div class="col-md-10 col-md-offset-1">
      <table class="stats-table">

        
<thead>
  <tr class="header dont-sort">
        <th></th>
    <th colspan="6">Steps</th>
    <th colspan="3">Scenarios</th>
    <th colspan="2">Features</th>
  </tr>
  <tr>
    <th>Feature</th>
        <th class="passed">Passed</th>
    <th class="failed">Failed</th>
    <th class="skipped">Skipped</th>
    <th class="pending">Pending</th>
    <th class="undefined">Undefined</th>
    <th class="total">Total</th>

    <th class="passed">Passed</th>
    <th class="failed">Failed</th>
    <th class="total">Total</th>

    <th>Duration</th>
    <th>Status</th>
  </tr>
</thead>


        <tbody>
        <tr>
          <td class="tagname">To validate the login functionality of the page</td>
          <td >0</td>
          <td >0</td>
          <td     class="skipped"   >6</td>
          <td >0</td>
          <td   class="undefined" >10</td>
          <td class="total">16</td>

          <td >0</td>
          <td  class="failed"    >4</td>
          <td class="total">4</td>

          <td class="duration" data-value="5035600">0.005</td>
          <td class="failed">Failed</td>
        </tr>
        </tbody>

      </table>
    </div>
  </div>
</div>



<div class="container-fluid">
  <div class="row">
    <div class="col-md-1 col-md-offset-10">
      <i class="fa fa-chevron-circle-down fa-2x collapsable-control"
        onClick="javascript:$('#report .collapsable-details').collapse('show')"></i>
      <i class="fa fa-chevron-circle-up fa-2x collapsable-control"
        onClick="javascript:$('#report .collapsable-details').collapse('hide')"></i>
    </div>
  </div>
</div>


<div class="container-fluid" id="report">
  <div class="row">
    <div class="col-md-10 col-md-offset-1">
      <div class="feature">
        
<div class="tags indention">
      <b>Tags:</b>
           <a href="report-tag_1893643180.html">@loginfeature</a>
      </div>

        
<div class="brief failed">
  <span class="keyword indention">Feature</span>
  <span class="name">To validate the login functionality of the page</span>
  

  </div>

        <div class="description indention"></div>

        <div class="elements inner-level">
                      
<div class="element">
  
  
<div class="tags indention">
  </div>

  
  <span class="lead-duration duration">0.000</span>


    <span data-toggle="collapse" class=" collapsable-control" data-target="#element-1">
    
<div class="brief failed">
  <span class="keyword indention">Background</span>
  <span class="name"></span>
  

       <i class="chevron fa fa-fw"></i>
  </div>

  </span>
  <div class="description indention"></div>

  <div id="element-1" class="collapse collapsable-details  in ">
    



    
<div class="steps inner-level">
    <div data-toggle="collapse" class=" collapsable-control" data-target="#steps-2">
    
<div class="brief failed">
  <span class="keyword indention">Steps</span>
  <span class="name"></span>
  

       <i class="chevron fa fa-fw"></i>
  </div>

  </div>

  <div id="steps-2" class="inner-level collapse collapsable-details  in ">
          <div class="step">
        
<div class="brief skipped">
  <span class="keyword indention">Given</span>
  <span class="name">User launches the browser</span>
  
  <span class="lead-duration duration">0.000</span>

</div>

        


        


        
        

        
        
  
        


      </div>
      </div>
</div>


    


  </div>
</div>

                      
<div class="element">
  
  
<div class="tags indention">
      <b>Tags:</b>
           <a href="report-tag_1893643180.html">@loginfeature</a>
           <a href="report-tag_4075695207.html">@dummy</a>
      </div>

  
  <span class="lead-duration duration">0.001</span>


    <span data-toggle="collapse" class=" collapsable-control" data-target="#element-3">
    
<div class="brief failed">
  <span class="keyword indention">Scenario Outline</span>
  <span class="name">Check whether user able to sign in with valid username and invalid password</span>
  

       <i class="chevron fa fa-fw"></i>
  </div>

  </span>
  <div class="description indention"></div>

  <div id="element-3" class="collapse collapsable-details  in ">
    

  <div class="inner-level hooks-element-before">
        <div data-toggle="collapse" class=" collapsable-control" data-target="#before-4">
      
<div class="brief failed">
  <span class="keyword indention">Hooks</span>
  <span class="name"></span>
  

       <i class="chevron fa fa-fw"></i>
  </div>

    </div>

    <div id="before-4" class="inner-level collapse collapsable-details  in ">
              <div class="hook">
          <div class="brief failed">
            <span class="keyword indention">Before</span>
                          <span class="location name">HooksClass.beforeScenario()</span>
                        
  <span class="lead-duration duration">1.993</span>

          </div>

                      

  <div class="inner-level">
    <div class="message indention">
      <div data-toggle="collapse" class=" collapsable-control" data-target="#msg-5">
          <a>Error message</a>
      </div>
      <div id="msg-5" class="collapse collapsable-details  in ">
        <pre>org.openqa.selenium.WebDriverException: unknown error: net::ERR_INTERNET_DISCONNECTED
  (Session info: chrome=101.0.4951.67)
Build info: version: '4.1.1', revision: 'e8fcc2cecf'
System info: host: 'DESKTOP-8BF6FE7', ip: '127.0.0.1', os.name: 'Windows 10', os.arch: 'amd64', os.version: '10.0', java.version: '1.8.0_202'
Driver info: org.openqa.selenium.chrome.ChromeDriver
Command: [008a974b82f84f257b6a58fc3600bd81, get {url=https://www.agoda.com/}]
Capabilities {acceptInsecureCerts: false, browserName: chrome, browserVersion: 101.0.4951.67, chrome: {chromedriverVersion: 101.0.4951.41 (93c720db8323..., userDataDir: C:\Users\Homeeee\AppData\Lo...}, goog:chromeOptions: {debuggerAddress: localhost:62656}, javascriptEnabled: true, networkConnectionEnabled: false, pageLoadStrategy: normal, platform: WINDOWS, platformName: WINDOWS, proxy: Proxy(), se:cdp: ws://localhost:62656/devtoo..., se:cdpVersion: 101.0.4951.67, setWindowRect: true, strictFileInteractability: false, timeouts: {implicit: 0, pageLoad: 300000, script: 30000}, unhandledPromptBehavior: dismiss and notify, webauthn:extension:credBlob: true, webauthn:extension:largeBlob: true, webauthn:virtualAuthenticators: true}
Session ID: 008a974b82f84f257b6a58fc3600bd81
	at sun.reflect.NativeConstructorAccessorImpl.newInstance0(Native Method)
	at sun.reflect.NativeConstructorAccessorImpl.newInstance(Unknown Source)
	at sun.reflect.DelegatingConstructorAccessorImpl.newInstance(Unknown Source)
	at java.lang.reflect.Constructor.newInstance(Unknown Source)
	at org.openqa.selenium.remote.codec.w3c.W3CHttpResponseCodec.createException(W3CHttpResponseCodec.java:200)
	at org.openqa.selenium.remote.codec.w3c.W3CHttpResponseCodec.decode(W3CHttpResponseCodec.java:133)
	at org.openqa.selenium.remote.codec.w3c.W3CHttpResponseCodec.decode(W3CHttpResponseCodec.java:53)
	at org.openqa.selenium.remote.HttpCommandExecutor.execute(HttpCommandExecutor.java:184)
	at org.openqa.selenium.remote.service.DriverCommandExecutor.invokeExecute(DriverCommandExecutor.java:167)
	at org.openqa.selenium.remote.service.DriverCommandExecutor.execute(DriverCommandExecutor.java:142)
	at org.openqa.selenium.remote.RemoteWebDriver.execute(RemoteWebDriver.java:543)
	at org.openqa.selenium.remote.RemoteWebDriver.get(RemoteWebDriver.java:312)
	at utilities.BaseClass.url(BaseClass.java:39)
	at org.stepdefinition.HooksClass.beforeScenario(HooksClass.java:20)
	at sun.reflect.NativeMethodAccessorImpl.invoke0(Native Method)
	at sun.reflect.NativeMethodAccessorImpl.invoke(Unknown Source)
	at sun.reflect.DelegatingMethodAccessorImpl.invoke(Unknown Source)
	at java.lang.reflect.Method.invoke(Unknown Source)
	at cucumber.runtime.Utils$1.call(Utils.java:26)
	at cucumber.runtime.Timeout.timeout(Timeout.java:16)
	at cucumber.runtime.Utils.invoke(Utils.java:20)
	at cucumber.runtime.java.JavaHookDefinition.execute(JavaHookDefinition.java:65)
	at cucumber.runner.HookDefinitionMatch.runStep(HookDefinitionMatch.java:16)
	at cucumber.runner.TestStep.executeStep(TestStep.java:65)
	at cucumber.runner.TestStep.run(TestStep.java:50)
	at cucumber.runner.TestCase.run(TestCase.java:42)
	at cucumber.runner.Runner.runPickle(Runner.java:50)
	at io.cucumber.junit.PickleRunners$NoStepDescriptions.run(PickleRunners.java:146)
	at io.cucumber.junit.FeatureRunner.runChild(FeatureRunner.java:68)
	at io.cucumber.junit.FeatureRunner.runChild(FeatureRunner.java:23)
	at org.junit.runners.ParentRunner$3.run(ParentRunner.java:290)
	at org.junit.runners.ParentRunner$1.schedule(ParentRunner.java:71)
	at org.junit.runners.ParentRunner.runChildren(ParentRunner.java:288)
	at org.junit.runners.ParentRunner.access$000(ParentRunner.java:58)
	at org.junit.runners.ParentRunner$2.evaluate(ParentRunner.java:268)
	at org.junit.runners.ParentRunner.run(ParentRunner.java:363)
	at io.cucumber.junit.Cucumber.runChild(Cucumber.java:144)
	at io.cucumber.junit.Cucumber.runChild(Cucumber.java:65)
	at org.junit.runners.ParentRunner$3.run(ParentRunner.java:290)
	at org.junit.runners.ParentRunner$1.schedule(ParentRunner.java:71)
	at org.junit.runners.ParentRunner.runChildren(ParentRunner.java:288)
	at org.junit.runners.ParentRunner.access$000(ParentRunner.java:58)
	at org.junit.runners.ParentRunner$2.evaluate(ParentRunner.java:268)
	at io.cucumber.junit.Cucumber$RunCucumber.evaluate(Cucumber.java:174)
	at org.junit.internal.runners.statements.RunAfters.evaluate(RunAfters.java:27)
	at org.junit.runners.ParentRunner.run(ParentRunner.java:363)
	at org.eclipse.jdt.internal.junit4.runner.JUnit4TestReference.run(JUnit4TestReference.java:86)
	at org.eclipse.jdt.internal.junit.runner.TestExecution.run(TestExecution.java:38)
	at org.eclipse.jdt.internal.junit.runner.RemoteTestRunner.runTests(RemoteTestRunner.java:538)
	at org.eclipse.jdt.internal.junit.runner.RemoteTestRunner.runTests(RemoteTestRunner.java:760)
	at org.eclipse.jdt.internal.junit.runner.RemoteTestRunner.run(RemoteTestRunner.java:460)
	at org.eclipse.jdt.internal.junit.runner.RemoteTestRunner.main(RemoteTestRunner.java:206)
</pre>
      </div>
    </div>
  </div>

          
                    
          
  
        </div>
          </div>
  </div>


    
<div class="steps inner-level">
    <div data-toggle="collapse" class=" collapsable-control" data-target="#steps-6">
    
<div class="brief failed">
  <span class="keyword indention">Steps</span>
  <span class="name"></span>
  

       <i class="chevron fa fa-fw"></i>
  </div>

  </div>

  <div id="steps-6" class="inner-level collapse collapsable-details  in ">
          <div class="step">
        
<div class="brief skipped">
  <span class="keyword indention">When</span>
  <span class="name">User should click sign in button and type valid username &lt;<span class="argument">&quot;username&quot;</span>&gt; and invalid password &lt;<span class="argument">&quot;password&quot;</span>&gt;</span>
  
  <span class="lead-duration duration">0.001</span>

</div>

        


        


        
        

        
        
  
        


      </div>
          <div class="step">
        
<div class="brief undefined">
  <span class="keyword indention">And</span>
  <span class="name">User should click sign in button</span>
  
  <span class="lead-duration duration">0.000</span>

</div>

        


        


        
        

        
        
  
        


      </div>
          <div class="step">
        
<div class="brief undefined">
  <span class="keyword indention">Then</span>
  <span class="name">User should navigate to invalid credential page and close the browser</span>
  
  <span class="lead-duration duration">0.000</span>

</div>

        


        


        
        

        
        
  
        


      </div>
      </div>
</div>


    

  <div class="inner-level hooks-element-after">
        <div data-toggle="collapse" class=" collapsed  collapsable-control" data-target="#after-7">
      
<div class="brief passed">
  <span class="keyword indention">Hooks</span>
  <span class="name"></span>
  

       <i class="chevron fa fa-fw"></i>
  </div>

    </div>

    <div id="after-7" class="inner-level collapse collapsable-details ">
              <div class="hook">
          <div class="brief passed">
            <span class="keyword indention">After</span>
                          <span class="location name">HooksClass.afterScenario(Scenario)</span>
                        
  <span class="lead-duration duration">0.264</span>

          </div>

                      

          
                    
          
    <div class="embeddings inner-level">
                    <div class="embedding indention">
        <div data-toggle="collapse" data-target="#embedding-8" class="collapsable-control">
      <a>Attachment 1 (png)</a>
      <a href="embeddings/embedding_-2145798141.png" download target="_blank">
        <span class="download-button glyphicon glyphicon-download-alt"></span>
      </a>
    </div>
    <div id="embedding-8" class="collapse collapsable-details ">
      <div class="embedding-content">
        <img src="embeddings/embedding_-2145798141.png">
      </div>
    </div>
  </div>
            </div>
  
        </div>
          </div>
  </div>

  </div>
</div>

                      
<div class="element">
  
  
<div class="tags indention">
  </div>

  
  <span class="lead-duration duration">0.000</span>


    <span data-toggle="collapse" class=" collapsable-control" data-target="#element-9">
    
<div class="brief failed">
  <span class="keyword indention">Background</span>
  <span class="name"></span>
  

       <i class="chevron fa fa-fw"></i>
  </div>

  </span>
  <div class="description indention"></div>

  <div id="element-9" class="collapse collapsable-details  in ">
    



    
<div class="steps inner-level">
    <div data-toggle="collapse" class=" collapsable-control" data-target="#steps-10">
    
<div class="brief failed">
  <span class="keyword indention">Steps</span>
  <span class="name"></span>
  

       <i class="chevron fa fa-fw"></i>
  </div>

  </div>

  <div id="steps-10" class="inner-level collapse collapsable-details  in ">
          <div class="step">
        
<div class="brief skipped">
  <span class="keyword indention">Given</span>
  <span class="name">User launches the browser</span>
  
  <span class="lead-duration duration">0.000</span>

</div>

        


        


        
        

        
        
  
        


      </div>
      </div>
</div>


    


  </div>
</div>

                      
<div class="element">
  
  
<div class="tags indention">
      <b>Tags:</b>
           <a href="report-tag_1893643180.html">@loginfeature</a>
           <a href="report-tag_4075695207.html">@dummy</a>
      </div>

  
  <span class="lead-duration duration">0.001</span>


    <span data-toggle="collapse" class=" collapsable-control" data-target="#element-11">
    
<div class="brief failed">
  <span class="keyword indention">Scenario Outline</span>
  <span class="name">Check whether user able to sign in with valid username and invalid password</span>
  

       <i class="chevron fa fa-fw"></i>
  </div>

  </span>
  <div class="description indention"></div>

  <div id="element-11" class="collapse collapsable-details  in ">
    

  <div class="inner-level hooks-element-before">
        <div data-toggle="collapse" class=" collapsable-control" data-target="#before-12">
      
<div class="brief failed">
  <span class="keyword indention">Hooks</span>
  <span class="name"></span>
  

       <i class="chevron fa fa-fw"></i>
  </div>

    </div>

    <div id="before-12" class="inner-level collapse collapsable-details  in ">
              <div class="hook">
          <div class="brief failed">
            <span class="keyword indention">Before</span>
                          <span class="location name">HooksClass.beforeScenario()</span>
                        
  <span class="lead-duration duration">1.773</span>

          </div>

                      

  <div class="inner-level">
    <div class="message indention">
      <div data-toggle="collapse" class=" collapsable-control" data-target="#msg-13">
          <a>Error message</a>
      </div>
      <div id="msg-13" class="collapse collapsable-details  in ">
        <pre>org.openqa.selenium.WebDriverException: unknown error: net::ERR_INTERNET_DISCONNECTED
  (Session info: chrome=101.0.4951.67)
Build info: version: '4.1.1', revision: 'e8fcc2cecf'
System info: host: 'DESKTOP-8BF6FE7', ip: '127.0.0.1', os.name: 'Windows 10', os.arch: 'amd64', os.version: '10.0', java.version: '1.8.0_202'
Driver info: org.openqa.selenium.chrome.ChromeDriver
Command: [fdb69325738bb37d1dfd5c2bab769b2d, get {url=https://www.agoda.com/}]
Capabilities {acceptInsecureCerts: false, browserName: chrome, browserVersion: 101.0.4951.67, chrome: {chromedriverVersion: 101.0.4951.41 (93c720db8323..., userDataDir: C:\Users\Homeeee\AppData\Lo...}, goog:chromeOptions: {debuggerAddress: localhost:62668}, javascriptEnabled: true, networkConnectionEnabled: false, pageLoadStrategy: normal, platform: WINDOWS, platformName: WINDOWS, proxy: Proxy(), se:cdp: ws://localhost:62668/devtoo..., se:cdpVersion: 101.0.4951.67, setWindowRect: true, strictFileInteractability: false, timeouts: {implicit: 0, pageLoad: 300000, script: 30000}, unhandledPromptBehavior: dismiss and notify, webauthn:extension:credBlob: true, webauthn:extension:largeBlob: true, webauthn:virtualAuthenticators: true}
Session ID: fdb69325738bb37d1dfd5c2bab769b2d
	at sun.reflect.NativeConstructorAccessorImpl.newInstance0(Native Method)
	at sun.reflect.NativeConstructorAccessorImpl.newInstance(Unknown Source)
	at sun.reflect.DelegatingConstructorAccessorImpl.newInstance(Unknown Source)
	at java.lang.reflect.Constructor.newInstance(Unknown Source)
	at org.openqa.selenium.remote.codec.w3c.W3CHttpResponseCodec.createException(W3CHttpResponseCodec.java:200)
	at org.openqa.selenium.remote.codec.w3c.W3CHttpResponseCodec.decode(W3CHttpResponseCodec.java:133)
	at org.openqa.selenium.remote.codec.w3c.W3CHttpResponseCodec.decode(W3CHttpResponseCodec.java:53)
	at org.openqa.selenium.remote.HttpCommandExecutor.execute(HttpCommandExecutor.java:184)
	at org.openqa.selenium.remote.service.DriverCommandExecutor.invokeExecute(DriverCommandExecutor.java:167)
	at org.openqa.selenium.remote.service.DriverCommandExecutor.execute(DriverCommandExecutor.java:142)
	at org.openqa.selenium.remote.RemoteWebDriver.execute(RemoteWebDriver.java:543)
	at org.openqa.selenium.remote.RemoteWebDriver.get(RemoteWebDriver.java:312)
	at utilities.BaseClass.url(BaseClass.java:39)
	at org.stepdefinition.HooksClass.beforeScenario(HooksClass.java:20)
	at sun.reflect.NativeMethodAccessorImpl.invoke0(Native Method)
	at sun.reflect.NativeMethodAccessorImpl.invoke(Unknown Source)
	at sun.reflect.DelegatingMethodAccessorImpl.invoke(Unknown Source)
	at java.lang.reflect.Method.invoke(Unknown Source)
	at cucumber.runtime.Utils$1.call(Utils.java:26)
	at cucumber.runtime.Timeout.timeout(Timeout.java:16)
	at cucumber.runtime.Utils.invoke(Utils.java:20)
	at cucumber.runtime.java.JavaHookDefinition.execute(JavaHookDefinition.java:65)
	at cucumber.runner.HookDefinitionMatch.runStep(HookDefinitionMatch.java:16)
	at cucumber.runner.TestStep.executeStep(TestStep.java:65)
	at cucumber.runner.TestStep.run(TestStep.java:50)
	at cucumber.runner.TestCase.run(TestCase.java:42)
	at cucumber.runner.Runner.runPickle(Runner.java:50)
	at io.cucumber.junit.PickleRunners$NoStepDescriptions.run(PickleRunners.java:146)
	at io.cucumber.junit.FeatureRunner.runChild(FeatureRunner.java:68)
	at io.cucumber.junit.FeatureRunner.runChild(FeatureRunner.java:23)
	at org.junit.runners.ParentRunner$3.run(ParentRunner.java:290)
	at org.junit.runners.ParentRunner$1.schedule(ParentRunner.java:71)
	at org.junit.runners.ParentRunner.runChildren(ParentRunner.java:288)
	at org.junit.runners.ParentRunner.access$000(ParentRunner.java:58)
	at org.junit.runners.ParentRunner$2.evaluate(ParentRunner.java:268)
	at org.junit.runners.ParentRunner.run(ParentRunner.java:363)
	at io.cucumber.junit.Cucumber.runChild(Cucumber.java:144)
	at io.cucumber.junit.Cucumber.runChild(Cucumber.java:65)
	at org.junit.runners.ParentRunner$3.run(ParentRunner.java:290)
	at org.junit.runners.ParentRunner$1.schedule(ParentRunner.java:71)
	at org.junit.runners.ParentRunner.runChildren(ParentRunner.java:288)
	at org.junit.runners.ParentRunner.access$000(ParentRunner.java:58)
	at org.junit.runners.ParentRunner$2.evaluate(ParentRunner.java:268)
	at io.cucumber.junit.Cucumber$RunCucumber.evaluate(Cucumber.java:174)
	at org.junit.internal.runners.statements.RunAfters.evaluate(RunAfters.java:27)
	at org.junit.runners.ParentRunner.run(ParentRunner.java:363)
	at org.eclipse.jdt.internal.junit4.runner.JUnit4TestReference.run(JUnit4TestReference.java:86)
	at org.eclipse.jdt.internal.junit.runner.TestExecution.run(TestExecution.java:38)
	at org.eclipse.jdt.internal.junit.runner.RemoteTestRunner.runTests(RemoteTestRunner.java:538)
	at org.eclipse.jdt.internal.junit.runner.RemoteTestRunner.runTests(RemoteTestRunner.java:760)
	at org.eclipse.jdt.internal.junit.runner.RemoteTestRunner.run(RemoteTestRunner.java:460)
	at org.eclipse.jdt.internal.junit.runner.RemoteTestRunner.main(RemoteTestRunner.java:206)
</pre>
      </div>
    </div>
  </div>

          
                    
          
  
        </div>
          </div>
  </div>


    
<div class="steps inner-level">
    <div data-toggle="collapse" class=" collapsable-control" data-target="#steps-14">
    
<div class="brief failed">
  <span class="keyword indention">Steps</span>
  <span class="name"></span>
  

       <i class="chevron fa fa-fw"></i>
  </div>

  </div>

  <div id="steps-14" class="inner-level collapse collapsable-details  in ">
          <div class="step">
        
<div class="brief skipped">
  <span class="keyword indention">When</span>
  <span class="name">User should click sign in button and type valid username &lt;<span class="argument">&quot;username&quot;</span>&gt; and invalid password &lt;<span class="argument">&quot;password&quot;</span>&gt;</span>
  
  <span class="lead-duration duration">0.001</span>

</div>

        


        


        
        

        
        
  
        


      </div>
          <div class="step">
        
<div class="brief undefined">
  <span class="keyword indention">And</span>
  <span class="name">User should click sign in button</span>
  
  <span class="lead-duration duration">0.000</span>

</div>

        


        


        
        

        
        
  
        


      </div>
          <div class="step">
        
<div class="brief undefined">
  <span class="keyword indention">Then</span>
  <span class="name">User should navigate to invalid credential page and close the browser</span>
  
  <span class="lead-duration duration">0.000</span>

</div>

        


        


        
        

        
        
  
        


      </div>
      </div>
</div>


    

  <div class="inner-level hooks-element-after">
        <div data-toggle="collapse" class=" collapsed  collapsable-control" data-target="#after-15">
      
<div class="brief passed">
  <span class="keyword indention">Hooks</span>
  <span class="name"></span>
  

       <i class="chevron fa fa-fw"></i>
  </div>

    </div>

    <div id="after-15" class="inner-level collapse collapsable-details ">
              <div class="hook">
          <div class="brief passed">
            <span class="keyword indention">After</span>
                          <span class="location name">HooksClass.afterScenario(Scenario)</span>
                        
  <span class="lead-duration duration">0.401</span>

          </div>

                      

          
                    
          
    <div class="embeddings inner-level">
                    <div class="embedding indention">
        <div data-toggle="collapse" data-target="#embedding-16" class="collapsable-control">
      <a>Attachment 1 (png)</a>
      <a href="embeddings/embedding_-2145798141.png" download target="_blank">
        <span class="download-button glyphicon glyphicon-download-alt"></span>
      </a>
    </div>
    <div id="embedding-16" class="collapse collapsable-details ">
      <div class="embedding-content">
        <img src="embeddings/embedding_-2145798141.png">
      </div>
    </div>
  </div>
            </div>
  
        </div>
          </div>
  </div>

  </div>
</div>

                      
<div class="element">
  
  
<div class="tags indention">
  </div>

  
  <span class="lead-duration duration">0.000</span>


    <span data-toggle="collapse" class=" collapsable-control" data-target="#element-17">
    
<div class="brief failed">
  <span class="keyword indention">Background</span>
  <span class="name"></span>
  

       <i class="chevron fa fa-fw"></i>
  </div>

  </span>
  <div class="description indention"></div>

  <div id="element-17" class="collapse collapsable-details  in ">
    



    
<div class="steps inner-level">
    <div data-toggle="collapse" class=" collapsable-control" data-target="#steps-18">
    
<div class="brief failed">
  <span class="keyword indention">Steps</span>
  <span class="name"></span>
  

       <i class="chevron fa fa-fw"></i>
  </div>

  </div>

  <div id="steps-18" class="inner-level collapse collapsable-details  in ">
          <div class="step">
        
<div class="brief skipped">
  <span class="keyword indention">Given</span>
  <span class="name">User launches the browser</span>
  
  <span class="lead-duration duration">0.000</span>

</div>

        


        


        
        

        
        
  
        


      </div>
      </div>
</div>


    


  </div>
</div>

                      
<div class="element">
  
  
<div class="tags indention">
      <b>Tags:</b>
           <a href="report-tag_1893643180.html">@loginfeature</a>
      </div>

  
  <span class="lead-duration duration">0.000</span>


    <span data-toggle="collapse" class=" collapsable-control" data-target="#element-19">
    
<div class="brief failed">
  <span class="keyword indention">Scenario</span>
  <span class="name">Check whether user able to sign in with ivalid username and invalid password</span>
  

       <i class="chevron fa fa-fw"></i>
  </div>

  </span>
  <div class="description indention"></div>

  <div id="element-19" class="collapse collapsable-details  in ">
    

  <div class="inner-level hooks-element-before">
        <div data-toggle="collapse" class=" collapsable-control" data-target="#before-20">
      
<div class="brief failed">
  <span class="keyword indention">Hooks</span>
  <span class="name"></span>
  

       <i class="chevron fa fa-fw"></i>
  </div>

    </div>

    <div id="before-20" class="inner-level collapse collapsable-details  in ">
              <div class="hook">
          <div class="brief failed">
            <span class="keyword indention">Before</span>
                          <span class="location name">HooksClass.beforeScenario()</span>
                        
  <span class="lead-duration duration">1.920</span>

          </div>

                      

  <div class="inner-level">
    <div class="message indention">
      <div data-toggle="collapse" class=" collapsable-control" data-target="#msg-21">
          <a>Error message</a>
      </div>
      <div id="msg-21" class="collapse collapsable-details  in ">
        <pre>org.openqa.selenium.WebDriverException: unknown error: net::ERR_INTERNET_DISCONNECTED
  (Session info: chrome=101.0.4951.67)
Build info: version: '4.1.1', revision: 'e8fcc2cecf'
System info: host: 'DESKTOP-8BF6FE7', ip: '127.0.0.1', os.name: 'Windows 10', os.arch: 'amd64', os.version: '10.0', java.version: '1.8.0_202'
Driver info: org.openqa.selenium.chrome.ChromeDriver
Command: [4efccdd253fcddd0daef9f4447b01e74, get {url=https://www.agoda.com/}]
Capabilities {acceptInsecureCerts: false, browserName: chrome, browserVersion: 101.0.4951.67, chrome: {chromedriverVersion: 101.0.4951.41 (93c720db8323..., userDataDir: C:\Users\Homeeee\AppData\Lo...}, goog:chromeOptions: {debuggerAddress: localhost:62680}, javascriptEnabled: true, networkConnectionEnabled: false, pageLoadStrategy: normal, platform: WINDOWS, platformName: WINDOWS, proxy: Proxy(), se:cdp: ws://localhost:62680/devtoo..., se:cdpVersion: 101.0.4951.67, setWindowRect: true, strictFileInteractability: false, timeouts: {implicit: 0, pageLoad: 300000, script: 30000}, unhandledPromptBehavior: dismiss and notify, webauthn:extension:credBlob: true, webauthn:extension:largeBlob: true, webauthn:virtualAuthenticators: true}
Session ID: 4efccdd253fcddd0daef9f4447b01e74
	at sun.reflect.NativeConstructorAccessorImpl.newInstance0(Native Method)
	at sun.reflect.NativeConstructorAccessorImpl.newInstance(Unknown Source)
	at sun.reflect.DelegatingConstructorAccessorImpl.newInstance(Unknown Source)
	at java.lang.reflect.Constructor.newInstance(Unknown Source)
	at org.openqa.selenium.remote.codec.w3c.W3CHttpResponseCodec.createException(W3CHttpResponseCodec.java:200)
	at org.openqa.selenium.remote.codec.w3c.W3CHttpResponseCodec.decode(W3CHttpResponseCodec.java:133)
	at org.openqa.selenium.remote.codec.w3c.W3CHttpResponseCodec.decode(W3CHttpResponseCodec.java:53)
	at org.openqa.selenium.remote.HttpCommandExecutor.execute(HttpCommandExecutor.java:184)
	at org.openqa.selenium.remote.service.DriverCommandExecutor.invokeExecute(DriverCommandExecutor.java:167)
	at org.openqa.selenium.remote.service.DriverCommandExecutor.execute(DriverCommandExecutor.java:142)
	at org.openqa.selenium.remote.RemoteWebDriver.execute(RemoteWebDriver.java:543)
	at org.openqa.selenium.remote.RemoteWebDriver.get(RemoteWebDriver.java:312)
	at utilities.BaseClass.url(BaseClass.java:39)
	at org.stepdefinition.HooksClass.beforeScenario(HooksClass.java:20)
	at sun.reflect.NativeMethodAccessorImpl.invoke0(Native Method)
	at sun.reflect.NativeMethodAccessorImpl.invoke(Unknown Source)
	at sun.reflect.DelegatingMethodAccessorImpl.invoke(Unknown Source)
	at java.lang.reflect.Method.invoke(Unknown Source)
	at cucumber.runtime.Utils$1.call(Utils.java:26)
	at cucumber.runtime.Timeout.timeout(Timeout.java:16)
	at cucumber.runtime.Utils.invoke(Utils.java:20)
	at cucumber.runtime.java.JavaHookDefinition.execute(JavaHookDefinition.java:65)
	at cucumber.runner.HookDefinitionMatch.runStep(HookDefinitionMatch.java:16)
	at cucumber.runner.TestStep.executeStep(TestStep.java:65)
	at cucumber.runner.TestStep.run(TestStep.java:50)
	at cucumber.runner.TestCase.run(TestCase.java:42)
	at cucumber.runner.Runner.runPickle(Runner.java:50)
	at io.cucumber.junit.PickleRunners$NoStepDescriptions.run(PickleRunners.java:146)
	at io.cucumber.junit.FeatureRunner.runChild(FeatureRunner.java:68)
	at io.cucumber.junit.FeatureRunner.runChild(FeatureRunner.java:23)
	at org.junit.runners.ParentRunner$3.run(ParentRunner.java:290)
	at org.junit.runners.ParentRunner$1.schedule(ParentRunner.java:71)
	at org.junit.runners.ParentRunner.runChildren(ParentRunner.java:288)
	at org.junit.runners.ParentRunner.access$000(ParentRunner.java:58)
	at org.junit.runners.ParentRunner$2.evaluate(ParentRunner.java:268)
	at org.junit.runners.ParentRunner.run(ParentRunner.java:363)
	at io.cucumber.junit.Cucumber.runChild(Cucumber.java:144)
	at io.cucumber.junit.Cucumber.runChild(Cucumber.java:65)
	at org.junit.runners.ParentRunner$3.run(ParentRunner.java:290)
	at org.junit.runners.ParentRunner$1.schedule(ParentRunner.java:71)
	at org.junit.runners.ParentRunner.runChildren(ParentRunner.java:288)
	at org.junit.runners.ParentRunner.access$000(ParentRunner.java:58)
	at org.junit.runners.ParentRunner$2.evaluate(ParentRunner.java:268)
	at io.cucumber.junit.Cucumber$RunCucumber.evaluate(Cucumber.java:174)
	at org.junit.internal.runners.statements.RunAfters.evaluate(RunAfters.java:27)
	at org.junit.runners.ParentRunner.run(ParentRunner.java:363)
	at org.eclipse.jdt.internal.junit4.runner.JUnit4TestReference.run(JUnit4TestReference.java:86)
	at org.eclipse.jdt.internal.junit.runner.TestExecution.run(TestExecution.java:38)
	at org.eclipse.jdt.internal.junit.runner.RemoteTestRunner.runTests(RemoteTestRunner.java:538)
	at org.eclipse.jdt.internal.junit.runner.RemoteTestRunner.runTests(RemoteTestRunner.java:760)
	at org.eclipse.jdt.internal.junit.runner.RemoteTestRunner.run(RemoteTestRunner.java:460)
	at org.eclipse.jdt.internal.junit.runner.RemoteTestRunner.main(RemoteTestRunner.java:206)
</pre>
      </div>
    </div>
  </div>

          
                    
          
  
        </div>
          </div>
  </div>


    
<div class="steps inner-level">
    <div data-toggle="collapse" class=" collapsable-control" data-target="#steps-22">
    
<div class="brief failed">
  <span class="keyword indention">Steps</span>
  <span class="name"></span>
  

       <i class="chevron fa fa-fw"></i>
  </div>

  </div>

  <div id="steps-22" class="inner-level collapse collapsable-details  in ">
          <div class="step">
        
<div class="brief undefined">
  <span class="keyword indention">When</span>
  <span class="name">User should click sign in button and type ivalid username and ivalid password</span>
  
  <span class="lead-duration duration">0.000</span>

</div>

        


        


                  <table class="step-arguments">
                          <tr>
                                  <td>kjbbbskfdb@yahoo.com</td>
                                  <td>sbhfues@124</td>
                              </tr>
                          <tr>
                                  <td>Ganesh@gmail.com</td>
                                  <td>ganes@1278934</td>
                              </tr>
                          <tr>
                                  <td>Leodavin@yahoo.com</td>
                                  <td>Leo@daa12345</td>
                              </tr>
                      </table>
        
        

        
        
  
        


      </div>
          <div class="step">
        
<div class="brief undefined">
  <span class="keyword indention">And</span>
  <span class="name">User should click sign in button</span>
  
  <span class="lead-duration duration">0.000</span>

</div>

        


        


        
        

        
        
  
        


      </div>
          <div class="step">
        
<div class="brief undefined">
  <span class="keyword indention">Then</span>
  <span class="name">User should navigate to Invalid credential page and close the browser</span>
  
  <span class="lead-duration duration">0.000</span>

</div>

        


        


        
        

        
        
  
        


      </div>
      </div>
</div>


    

  <div class="inner-level hooks-element-after">
        <div data-toggle="collapse" class=" collapsed  collapsable-control" data-target="#after-23">
      
<div class="brief passed">
  <span class="keyword indention">Hooks</span>
  <span class="name"></span>
  

       <i class="chevron fa fa-fw"></i>
  </div>

    </div>

    <div id="after-23" class="inner-level collapse collapsable-details ">
              <div class="hook">
          <div class="brief passed">
            <span class="keyword indention">After</span>
                          <span class="location name">HooksClass.afterScenario(Scenario)</span>
                        
  <span class="lead-duration duration">0.308</span>

          </div>

                      

          
                    
          
    <div class="embeddings inner-level">
                    <div class="embedding indention">
        <div data-toggle="collapse" data-target="#embedding-24" class="collapsable-control">
      <a>Attachment 1 (png)</a>
      <a href="embeddings/embedding_-2145798141.png" download target="_blank">
        <span class="download-button glyphicon glyphicon-download-alt"></span>
      </a>
    </div>
    <div id="embedding-24" class="collapse collapsable-details ">
      <div class="embedding-content">
        <img src="embeddings/embedding_-2145798141.png">
      </div>
    </div>
  </div>
            </div>
  
        </div>
          </div>
  </div>

  </div>
</div>

                      
<div class="element">
  
  
<div class="tags indention">
  </div>

  
  <span class="lead-duration duration">0.000</span>


    <span data-toggle="collapse" class=" collapsable-control" data-target="#element-25">
    
<div class="brief failed">
  <span class="keyword indention">Background</span>
  <span class="name"></span>
  

       <i class="chevron fa fa-fw"></i>
  </div>

  </span>
  <div class="description indention"></div>

  <div id="element-25" class="collapse collapsable-details  in ">
    



    
<div class="steps inner-level">
    <div data-toggle="collapse" class=" collapsable-control" data-target="#steps-26">
    
<div class="brief failed">
  <span class="keyword indention">Steps</span>
  <span class="name"></span>
  

       <i class="chevron fa fa-fw"></i>
  </div>

  </div>

  <div id="steps-26" class="inner-level collapse collapsable-details  in ">
          <div class="step">
        
<div class="brief skipped">
  <span class="keyword indention">Given</span>
  <span class="name">User launches the browser</span>
  
  <span class="lead-duration duration">0.000</span>

</div>

        


        


        
        

        
        
  
        


      </div>
      </div>
</div>


    


  </div>
</div>

                      
<div class="element">
  
  
<div class="tags indention">
      <b>Tags:</b>
           <a href="report-tag_1893643180.html">@loginfeature</a>
           <a href="report-tag_1899037740.html">@smokevalid</a>
      </div>

  
  <span class="lead-duration duration">0.000</span>


    <span data-toggle="collapse" class=" collapsable-control" data-target="#element-27">
    
<div class="brief failed">
  <span class="keyword indention">Scenario</span>
  <span class="name">Check whether user able to sign in with valid username and valid password</span>
  

       <i class="chevron fa fa-fw"></i>
  </div>

  </span>
  <div class="description indention"></div>

  <div id="element-27" class="collapse collapsable-details  in ">
    

  <div class="inner-level hooks-element-before">
        <div data-toggle="collapse" class=" collapsable-control" data-target="#before-28">
      
<div class="brief failed">
  <span class="keyword indention">Hooks</span>
  <span class="name"></span>
  

       <i class="chevron fa fa-fw"></i>
  </div>

    </div>

    <div id="before-28" class="inner-level collapse collapsable-details  in ">
              <div class="hook">
          <div class="brief failed">
            <span class="keyword indention">Before</span>
                          <span class="location name">HooksClass.beforeScenario()</span>
                        
  <span class="lead-duration duration">1.863</span>

          </div>

                      

  <div class="inner-level">
    <div class="message indention">
      <div data-toggle="collapse" class=" collapsable-control" data-target="#msg-29">
          <a>Error message</a>
      </div>
      <div id="msg-29" class="collapse collapsable-details  in ">
        <pre>org.openqa.selenium.WebDriverException: unknown error: net::ERR_INTERNET_DISCONNECTED
  (Session info: chrome=101.0.4951.67)
Build info: version: '4.1.1', revision: 'e8fcc2cecf'
System info: host: 'DESKTOP-8BF6FE7', ip: '127.0.0.1', os.name: 'Windows 10', os.arch: 'amd64', os.version: '10.0', java.version: '1.8.0_202'
Driver info: org.openqa.selenium.chrome.ChromeDriver
Command: [93446b7a4ef3ee921e9c14a4eb577398, get {url=https://www.agoda.com/}]
Capabilities {acceptInsecureCerts: false, browserName: chrome, browserVersion: 101.0.4951.67, chrome: {chromedriverVersion: 101.0.4951.41 (93c720db8323..., userDataDir: C:\Users\Homeeee\AppData\Lo...}, goog:chromeOptions: {debuggerAddress: localhost:62692}, javascriptEnabled: true, networkConnectionEnabled: false, pageLoadStrategy: normal, platform: WINDOWS, platformName: WINDOWS, proxy: Proxy(), se:cdp: ws://localhost:62692/devtoo..., se:cdpVersion: 101.0.4951.67, setWindowRect: true, strictFileInteractability: false, timeouts: {implicit: 0, pageLoad: 300000, script: 30000}, unhandledPromptBehavior: dismiss and notify, webauthn:extension:credBlob: true, webauthn:extension:largeBlob: true, webauthn:virtualAuthenticators: true}
Session ID: 93446b7a4ef3ee921e9c14a4eb577398
	at sun.reflect.NativeConstructorAccessorImpl.newInstance0(Native Method)
	at sun.reflect.NativeConstructorAccessorImpl.newInstance(Unknown Source)
	at sun.reflect.DelegatingConstructorAccessorImpl.newInstance(Unknown Source)
	at java.lang.reflect.Constructor.newInstance(Unknown Source)
	at org.openqa.selenium.remote.codec.w3c.W3CHttpResponseCodec.createException(W3CHttpResponseCodec.java:200)
	at org.openqa.selenium.remote.codec.w3c.W3CHttpResponseCodec.decode(W3CHttpResponseCodec.java:133)
	at org.openqa.selenium.remote.codec.w3c.W3CHttpResponseCodec.decode(W3CHttpResponseCodec.java:53)
	at org.openqa.selenium.remote.HttpCommandExecutor.execute(HttpCommandExecutor.java:184)
	at org.openqa.selenium.remote.service.DriverCommandExecutor.invokeExecute(DriverCommandExecutor.java:167)
	at org.openqa.selenium.remote.service.DriverCommandExecutor.execute(DriverCommandExecutor.java:142)
	at org.openqa.selenium.remote.RemoteWebDriver.execute(RemoteWebDriver.java:543)
	at org.openqa.selenium.remote.RemoteWebDriver.get(RemoteWebDriver.java:312)
	at utilities.BaseClass.url(BaseClass.java:39)
	at org.stepdefinition.HooksClass.beforeScenario(HooksClass.java:20)
	at sun.reflect.NativeMethodAccessorImpl.invoke0(Native Method)
	at sun.reflect.NativeMethodAccessorImpl.invoke(Unknown Source)
	at sun.reflect.DelegatingMethodAccessorImpl.invoke(Unknown Source)
	at java.lang.reflect.Method.invoke(Unknown Source)
	at cucumber.runtime.Utils$1.call(Utils.java:26)
	at cucumber.runtime.Timeout.timeout(Timeout.java:16)
	at cucumber.runtime.Utils.invoke(Utils.java:20)
	at cucumber.runtime.java.JavaHookDefinition.execute(JavaHookDefinition.java:65)
	at cucumber.runner.HookDefinitionMatch.runStep(HookDefinitionMatch.java:16)
	at cucumber.runner.TestStep.executeStep(TestStep.java:65)
	at cucumber.runner.TestStep.run(TestStep.java:50)
	at cucumber.runner.TestCase.run(TestCase.java:42)
	at cucumber.runner.Runner.runPickle(Runner.java:50)
	at io.cucumber.junit.PickleRunners$NoStepDescriptions.run(PickleRunners.java:146)
	at io.cucumber.junit.FeatureRunner.runChild(FeatureRunner.java:68)
	at io.cucumber.junit.FeatureRunner.runChild(FeatureRunner.java:23)
	at org.junit.runners.ParentRunner$3.run(ParentRunner.java:290)
	at org.junit.runners.ParentRunner$1.schedule(ParentRunner.java:71)
	at org.junit.runners.ParentRunner.runChildren(ParentRunner.java:288)
	at org.junit.runners.ParentRunner.access$000(ParentRunner.java:58)
	at org.junit.runners.ParentRunner$2.evaluate(ParentRunner.java:268)
	at org.junit.runners.ParentRunner.run(ParentRunner.java:363)
	at io.cucumber.junit.Cucumber.runChild(Cucumber.java:144)
	at io.cucumber.junit.Cucumber.runChild(Cucumber.java:65)
	at org.junit.runners.ParentRunner$3.run(ParentRunner.java:290)
	at org.junit.runners.ParentRunner$1.schedule(ParentRunner.java:71)
	at org.junit.runners.ParentRunner.runChildren(ParentRunner.java:288)
	at org.junit.runners.ParentRunner.access$000(ParentRunner.java:58)
	at org.junit.runners.ParentRunner$2.evaluate(ParentRunner.java:268)
	at io.cucumber.junit.Cucumber$RunCucumber.evaluate(Cucumber.java:174)
	at org.junit.internal.runners.statements.RunAfters.evaluate(RunAfters.java:27)
	at org.junit.runners.ParentRunner.run(ParentRunner.java:363)
	at org.eclipse.jdt.internal.junit4.runner.JUnit4TestReference.run(JUnit4TestReference.java:86)
	at org.eclipse.jdt.internal.junit.runner.TestExecution.run(TestExecution.java:38)
	at org.eclipse.jdt.internal.junit.runner.RemoteTestRunner.runTests(RemoteTestRunner.java:538)
	at org.eclipse.jdt.internal.junit.runner.RemoteTestRunner.runTests(RemoteTestRunner.java:760)
	at org.eclipse.jdt.internal.junit.runner.RemoteTestRunner.run(RemoteTestRunner.java:460)
	at org.eclipse.jdt.internal.junit.runner.RemoteTestRunner.main(RemoteTestRunner.java:206)
</pre>
      </div>
    </div>
  </div>

          
                    
          
  
        </div>
          </div>
  </div>


    
<div class="steps inner-level">
    <div data-toggle="collapse" class=" collapsable-control" data-target="#steps-30">
    
<div class="brief failed">
  <span class="keyword indention">Steps</span>
  <span class="name"></span>
  

       <i class="chevron fa fa-fw"></i>
  </div>

  </div>

  <div id="steps-30" class="inner-level collapse collapsable-details  in ">
          <div class="step">
        
<div class="brief undefined">
  <span class="keyword indention">When</span>
  <span class="name">User should click sign in button and type valid username and valid password</span>
  
  <span class="lead-duration duration">0.000</span>

</div>

        


        


                  <table class="step-arguments">
                          <tr>
                                  <td>username</td>
                                  <td>password</td>
                              </tr>
                          <tr>
                                  <td>Ganesh@gmail.com</td>
                                  <td>ganes@1278934</td>
                              </tr>
                          <tr>
                                  <td>ganeshv5032@gmail.com</td>
                                  <td>Leodavinci@123</td>
                              </tr>
                      </table>
        
        

        
        
  
        


      </div>
          <div class="step">
        
<div class="brief undefined">
  <span class="keyword indention">And</span>
  <span class="name">User should click sign in button</span>
  
  <span class="lead-duration duration">0.000</span>

</div>

        


        


        
        

        
        
  
        


      </div>
          <div class="step">
        
<div class="brief undefined">
  <span class="keyword indention">Then</span>
  <span class="name">User should navigate to home page and close the browser</span>
  
  <span class="lead-duration duration">0.000</span>

</div>

        


        


        
        

        
        
  
        


      </div>
      </div>
</div>


    

  <div class="inner-level hooks-element-after">
        <div data-toggle="collapse" class=" collapsed  collapsable-control" data-target="#after-31">
      
<div class="brief passed">
  <span class="keyword indention">Hooks</span>
  <span class="name"></span>
  

       <i class="chevron fa fa-fw"></i>
  </div>

    </div>

    <div id="after-31" class="inner-level collapse collapsable-details ">
              <div class="hook">
          <div class="brief passed">
            <span class="keyword indention">After</span>
                          <span class="location name">HooksClass.afterScenario(Scenario)</span>
                        
  <span class="lead-duration duration">0.293</span>

          </div>

                      

          
                    
          
    <div class="embeddings inner-level">
                    <div class="embedding indention">
        <div data-toggle="collapse" data-target="#embedding-32" class="collapsable-control">
      <a>Attachment 1 (png)</a>
      <a href="embeddings/embedding_-2145798141.png" download target="_blank">
        <span class="download-button glyphicon glyphicon-download-alt"></span>
      </a>
    </div>
    <div id="embedding-32" class="collapse collapsable-details ">
      <div class="embedding-content">
        <img src="embeddings/embedding_-2145798141.png">
      </div>
    </div>
  </div>
            </div>
  
        </div>
          </div>
  </div>

  </div>
</div>

                  </div>

      </div>
    </div>
  </div>
</div>


<div class="container-fluid">
  <div class="row">
    <div class="col-md-1 col-md-offset-10">
      <i class="fa fa-chevron-circle-down fa-2x collapsable-control"
        onClick="javascript:$('#report .collapsable-details').collapse('show')"></i>
      <i class="fa fa-chevron-circle-up fa-2x collapsable-control"
        onClick="javascript:$('#report .collapsable-details').collapse('hide')"></i>
    </div>
  </div>
</div>

<br/>

<nav class="navbar navbar-default" id="footer">
  <div class="container-fluid">
    <p class="navbar-text navbar-right">
        <small>generate Cucumber HTML reports via:&nbsp;</small>
        <a class="navbar-link" href="https://github.com/jenkinsci/cucumber-reports-plugin">Jenkins Plugin</a> |
        <a class="navbar-link" href="https://github.com/damianszczepanik/cucumber-reporting">Standalone</a> |
        <a class="navbar-link" href="https://github.com/damianszczepanik/cucumber-sandwich">Sandwich</a> |
        <a class="navbar-link" href="https://github.com/damianszczepanik/maven-cucumber-reporting">Maven</a>
        &nbsp;&nbsp;
    </p>
  </div>
</nav>

</body>
</html>
